==1039332== Memcheck, a memory error detector
==1039332== Copyright (C) 2002-2017, and GNU GPL'd, by Julian Seward et al.
==1039332== Using Valgrind-3.18.1 and LibVEX; rerun with -h for copyright info
==1039332== Command: ./so_long_bonus maps/classic.ber
==1039332== Parent PID: 1038543
==1039332== 
==1039332== Invalid read of size 4
==1039332==    at 0x1107EB: get_pixel_color (render_utils.c:38)
==1039332==    by 0x10FB56: create_merged_tile (render.c:36)
==1039332==    by 0x10FF7B: draw_map (render.c:113)
==1039332==    by 0x111DBE: animate_sprites (render_bonus.c:105)
==1039332==    by 0x11353C: mlx_loop (in /nfs/homes/ccavalca/common/so_long/so_long_bonus)
==1039332==    by 0x1113DA: main (main_bonus.c:84)
==1039332==  Address 0x4d528d8 is 0 bytes after a block of size 88 alloc'd
==1039332==    at 0x484DA83: calloc (in /usr/libexec/valgrind/vgpreload_memcheck-amd64-linux.so)
==1039332==    by 0x11391B: mlx_int_new_xshm_image (in /nfs/homes/ccavalca/common/so_long/so_long_bonus)
==1039332==    by 0x113C42: mlx_new_image (in /nfs/homes/ccavalca/common/so_long/so_long_bonus)
==1039332==    by 0x1145D7: mlx_int_parse_xpm (in /nfs/homes/ccavalca/common/so_long/so_long_bonus)
==1039332==    by 0x114A11: mlx_xpm_file_to_image (in /nfs/homes/ccavalca/common/so_long/so_long_bonus)
==1039332==    by 0x111A24: load_player_textures_bonus (render_bonus.c:28)
==1039332==    by 0x111317: bonus_init (main_bonus.c:70)
==1039332==    by 0x1113CB: main (main_bonus.c:83)
==1039332== 
==1039332== Invalid read of size 4
==1039332==    at 0x1107EB: get_pixel_color (render_utils.c:38)
==1039332==    by 0x10FB1F: create_merged_tile (render.c:31)
==1039332==    by 0x10FF7B: draw_map (render.c:113)
==1039332==    by 0x111DBE: animate_sprites (render_bonus.c:105)
==1039332==    by 0x11353C: mlx_loop (in /nfs/homes/ccavalca/common/so_long/so_long_bonus)
==1039332==    by 0x1113DA: main (main_bonus.c:84)
==1039332==  Address 0x4d51428 is 0 bytes after a block of size 88 alloc'd
==1039332==    at 0x484DA83: calloc (in /usr/libexec/valgrind/vgpreload_memcheck-amd64-linux.so)
==1039332==    by 0x11391B: mlx_int_new_xshm_image (in /nfs/homes/ccavalca/common/so_long/so_long_bonus)
==1039332==    by 0x113C42: mlx_new_image (in /nfs/homes/ccavalca/common/so_long/so_long_bonus)
==1039332==    by 0x1145D7: mlx_int_parse_xpm (in /nfs/homes/ccavalca/common/so_long/so_long_bonus)
==1039332==    by 0x114A11: mlx_xpm_file_to_image (in /nfs/homes/ccavalca/common/so_long/so_long_bonus)
==1039332==    by 0x111A24: load_player_textures_bonus (render_bonus.c:28)
==1039332==    by 0x111317: bonus_init (main_bonus.c:70)
==1039332==    by 0x1113CB: main (main_bonus.c:83)
==1039332== 
==1039332== Invalid read of size 4
==1039332==    at 0x1107EB: get_pixel_color (render_utils.c:38)
==1039332==    by 0x10FB56: create_merged_tile (render.c:36)
==1039332==    by 0x10FF7B: draw_map (render.c:113)
==1039332==    by 0x110A37: move_player (game.c:53)
==1039332==    by 0x10F850: move_right (hooks.c:44)
==1039332==    by 0x110AD0: handle_key (game.c:71)
==1039332==    by 0x113595: mlx_loop (in /nfs/homes/ccavalca/common/so_long/so_long_bonus)
==1039332==    by 0x1113DA: main (main_bonus.c:84)
==1039332==  Address 0x4d528d8 is 0 bytes after a block of size 88 alloc'd
==1039332==    at 0x484DA83: calloc (in /usr/libexec/valgrind/vgpreload_memcheck-amd64-linux.so)
==1039332==    by 0x11391B: mlx_int_new_xshm_image (in /nfs/homes/ccavalca/common/so_long/so_long_bonus)
==1039332==    by 0x113C42: mlx_new_image (in /nfs/homes/ccavalca/common/so_long/so_long_bonus)
==1039332==    by 0x1145D7: mlx_int_parse_xpm (in /nfs/homes/ccavalca/common/so_long/so_long_bonus)
==1039332==    by 0x114A11: mlx_xpm_file_to_image (in /nfs/homes/ccavalca/common/so_long/so_long_bonus)
==1039332==    by 0x111A24: load_player_textures_bonus (render_bonus.c:28)
==1039332==    by 0x111317: bonus_init (main_bonus.c:70)
==1039332==    by 0x1113CB: main (main_bonus.c:83)
==1039332== 
==1039332== Invalid read of size 4
==1039332==    at 0x1107EB: get_pixel_color (render_utils.c:38)
==1039332==    by 0x10FB1F: create_merged_tile (render.c:31)
==1039332==    by 0x10FF7B: draw_map (render.c:113)
==1039332==    by 0x110A37: move_player (game.c:53)
==1039332==    by 0x10F850: move_right (hooks.c:44)
==1039332==    by 0x110AD0: handle_key (game.c:71)
==1039332==    by 0x113595: mlx_loop (in /nfs/homes/ccavalca/common/so_long/so_long_bonus)
==1039332==    by 0x1113DA: main (main_bonus.c:84)
==1039332==  Address 0x4d51428 is 0 bytes after a block of size 88 alloc'd
==1039332==    at 0x484DA83: calloc (in /usr/libexec/valgrind/vgpreload_memcheck-amd64-linux.so)
==1039332==    by 0x11391B: mlx_int_new_xshm_image (in /nfs/homes/ccavalca/common/so_long/so_long_bonus)
==1039332==    by 0x113C42: mlx_new_image (in /nfs/homes/ccavalca/common/so_long/so_long_bonus)
==1039332==    by 0x1145D7: mlx_int_parse_xpm (in /nfs/homes/ccavalca/common/so_long/so_long_bonus)
==1039332==    by 0x114A11: mlx_xpm_file_to_image (in /nfs/homes/ccavalca/common/so_long/so_long_bonus)
==1039332==    by 0x111A24: load_player_textures_bonus (render_bonus.c:28)
==1039332==    by 0x111317: bonus_init (main_bonus.c:70)
==1039332==    by 0x1113CB: main (main_bonus.c:83)
==1039332== 
==1039332== 
==1039332== HEAP SUMMARY:
==1039332==     in use at exit: 3,872 bytes in 35 blocks
==1039332==   total heap usage: 530,978 allocs, 530,943 frees, 16,214,387 bytes allocated
==1039332== 
==1039332== 64 bytes in 1 blocks are still reachable in loss record 1 of 11
==1039332==    at 0x4848899: malloc (in /usr/libexec/valgrind/vgpreload_memcheck-amd64-linux.so)
==1039332==    by 0x110D25: enemies_count (enemy_bonus.c:34)
==1039332==    by 0x111956: map_validator_bonus (map_path_validator_bonus.c:135)
==1039332==    by 0x111295: init_game (main_bonus.c:52)
==1039332==    by 0x1113A1: main (main_bonus.c:80)
==1039332== 
==1039332== 136 bytes in 1 blocks are indirectly lost in loss record 2 of 11
==1039332==    at 0x484DA83: calloc (in /usr/libexec/valgrind/vgpreload_memcheck-amd64-linux.so)
==1039332==    by 0x49B50C3: XShmCreateImage (in /usr/lib/x86_64-linux-gnu/libXext.so.6.4.0)
==1039332==    by 0x113946: mlx_int_new_xshm_image (in /nfs/homes/ccavalca/common/so_long/so_long_bonus)
==1039332==    by 0x113C42: mlx_new_image (in /nfs/homes/ccavalca/common/so_long/so_long_bonus)
==1039332==    by 0x1145D7: mlx_int_parse_xpm (in /nfs/homes/ccavalca/common/so_long/so_long_bonus)
==1039332==    by 0x114A11: mlx_xpm_file_to_image (in /nfs/homes/ccavalca/common/so_long/so_long_bonus)
==1039332==    by 0x10FBF9: load_base_textures (render.c:50)
==1039332==    by 0x1110E9: setup_game_bonus (game_bonus.c:46)
==1039332==    by 0x1112E9: init_game (main_bonus.c:63)
==1039332==    by 0x1113A1: main (main_bonus.c:80)
==1039332== 
==1039332== 224 (88 direct, 136 indirect) bytes in 1 blocks are definitely lost in loss record 3 of 11
==1039332==    at 0x484DA83: calloc (in /usr/libexec/valgrind/vgpreload_memcheck-amd64-linux.so)
==1039332==    by 0x11391B: mlx_int_new_xshm_image (in /nfs/homes/ccavalca/common/so_long/so_long_bonus)
==1039332==    by 0x113C42: mlx_new_image (in /nfs/homes/ccavalca/common/so_long/so_long_bonus)
==1039332==    by 0x1145D7: mlx_int_parse_xpm (in /nfs/homes/ccavalca/common/so_long/so_long_bonus)
==1039332==    by 0x114A11: mlx_xpm_file_to_image (in /nfs/homes/ccavalca/common/so_long/so_long_bonus)
==1039332==    by 0x10FBF9: load_base_textures (render.c:50)
==1039332==    by 0x1110E9: setup_game_bonus (game_bonus.c:46)
==1039332==    by 0x1112E9: init_game (main_bonus.c:63)
==1039332==    by 0x1113A1: main (main_bonus.c:80)
==1039332== 
==1039332== 352 bytes in 4 blocks are still reachable in loss record 4 of 11
==1039332==    at 0x484DA83: calloc (in /usr/libexec/valgrind/vgpreload_memcheck-amd64-linux.so)
==1039332==    by 0x11391B: mlx_int_new_xshm_image (in /nfs/homes/ccavalca/common/so_long/so_long_bonus)
==1039332==    by 0x113C42: mlx_new_image (in /nfs/homes/ccavalca/common/so_long/so_long_bonus)
==1039332==    by 0x1145D7: mlx_int_parse_xpm (in /nfs/homes/ccavalca/common/so_long/so_long_bonus)
==1039332==    by 0x114A11: mlx_xpm_file_to_image (in /nfs/homes/ccavalca/common/so_long/so_long_bonus)
==1039332==    by 0x111A24: load_player_textures_bonus (render_bonus.c:28)
==1039332==    by 0x111317: bonus_init (main_bonus.c:70)
==1039332==    by 0x1113CB: main (main_bonus.c:83)
==1039332== 
==1039332== 352 bytes in 4 blocks are still reachable in loss record 5 of 11
==1039332==    at 0x484DA83: calloc (in /usr/libexec/valgrind/vgpreload_memcheck-amd64-linux.so)
==1039332==    by 0x11391B: mlx_int_new_xshm_image (in /nfs/homes/ccavalca/common/so_long/so_long_bonus)
==1039332==    by 0x113C42: mlx_new_image (in /nfs/homes/ccavalca/common/so_long/so_long_bonus)
==1039332==    by 0x1145D7: mlx_int_parse_xpm (in /nfs/homes/ccavalca/common/so_long/so_long_bonus)
==1039332==    by 0x114A11: mlx_xpm_file_to_image (in /nfs/homes/ccavalca/common/so_long/so_long_bonus)
==1039332==    by 0x111B13: load_enemies_textures_bonus (render_bonus.c:53)
==1039332==    by 0x111323: bonus_init (main_bonus.c:71)
==1039332==    by 0x1113CB: main (main_bonus.c:83)
==1039332== 
==1039332== 544 bytes in 4 blocks are still reachable in loss record 6 of 11
==1039332==    at 0x484DA83: calloc (in /usr/libexec/valgrind/vgpreload_memcheck-amd64-linux.so)
==1039332==    by 0x49B50C3: XShmCreateImage (in /usr/lib/x86_64-linux-gnu/libXext.so.6.4.0)
==1039332==    by 0x113946: mlx_int_new_xshm_image (in /nfs/homes/ccavalca/common/so_long/so_long_bonus)
==1039332==    by 0x113C42: mlx_new_image (in /nfs/homes/ccavalca/common/so_long/so_long_bonus)
==1039332==    by 0x1145D7: mlx_int_parse_xpm (in /nfs/homes/ccavalca/common/so_long/so_long_bonus)
==1039332==    by 0x114A11: mlx_xpm_file_to_image (in /nfs/homes/ccavalca/common/so_long/so_long_bonus)
==1039332==    by 0x111A24: load_player_textures_bonus (render_bonus.c:28)
==1039332==    by 0x111317: bonus_init (main_bonus.c:70)
==1039332==    by 0x1113CB: main (main_bonus.c:83)
==1039332== 
==1039332== 544 bytes in 4 blocks are still reachable in loss record 7 of 11
==1039332==    at 0x484DA83: calloc (in /usr/libexec/valgrind/vgpreload_memcheck-amd64-linux.so)
==1039332==    by 0x49B50C3: XShmCreateImage (in /usr/lib/x86_64-linux-gnu/libXext.so.6.4.0)
==1039332==    by 0x113946: mlx_int_new_xshm_image (in /nfs/homes/ccavalca/common/so_long/so_long_bonus)
==1039332==    by 0x113C42: mlx_new_image (in /nfs/homes/ccavalca/common/so_long/so_long_bonus)
==1039332==    by 0x1145D7: mlx_int_parse_xpm (in /nfs/homes/ccavalca/common/so_long/so_long_bonus)
==1039332==    by 0x114A11: mlx_xpm_file_to_image (in /nfs/homes/ccavalca/common/so_long/so_long_bonus)
==1039332==    by 0x111B13: load_enemies_textures_bonus (render_bonus.c:53)
==1039332==    by 0x111323: bonus_init (main_bonus.c:71)
==1039332==    by 0x1113CB: main (main_bonus.c:83)
==1039332== 
==1039332== 544 bytes in 4 blocks are indirectly lost in loss record 8 of 11
==1039332==    at 0x484DA83: calloc (in /usr/libexec/valgrind/vgpreload_memcheck-amd64-linux.so)
==1039332==    by 0x49B50C3: XShmCreateImage (in /usr/lib/x86_64-linux-gnu/libXext.so.6.4.0)
==1039332==    by 0x113946: mlx_int_new_xshm_image (in /nfs/homes/ccavalca/common/so_long/so_long_bonus)
==1039332==    by 0x113C42: mlx_new_image (in /nfs/homes/ccavalca/common/so_long/so_long_bonus)
==1039332==    by 0x1145D7: mlx_int_parse_xpm (in /nfs/homes/ccavalca/common/so_long/so_long_bonus)
==1039332==    by 0x114A11: mlx_xpm_file_to_image (in /nfs/homes/ccavalca/common/so_long/so_long_bonus)
==1039332==    by 0x111A24: load_player_textures_bonus (render_bonus.c:28)
==1039332==    by 0x111317: bonus_init (main_bonus.c:70)
==1039332==    by 0x1113BC: main (main_bonus.c:82)
==1039332== 
==1039332== 544 bytes in 4 blocks are indirectly lost in loss record 9 of 11
==1039332==    at 0x484DA83: calloc (in /usr/libexec/valgrind/vgpreload_memcheck-amd64-linux.so)
==1039332==    by 0x49B50C3: XShmCreateImage (in /usr/lib/x86_64-linux-gnu/libXext.so.6.4.0)
==1039332==    by 0x113946: mlx_int_new_xshm_image (in /nfs/homes/ccavalca/common/so_long/so_long_bonus)
==1039332==    by 0x113C42: mlx_new_image (in /nfs/homes/ccavalca/common/so_long/so_long_bonus)
==1039332==    by 0x1145D7: mlx_int_parse_xpm (in /nfs/homes/ccavalca/common/so_long/so_long_bonus)
==1039332==    by 0x114A11: mlx_xpm_file_to_image (in /nfs/homes/ccavalca/common/so_long/so_long_bonus)
==1039332==    by 0x111B13: load_enemies_textures_bonus (render_bonus.c:53)
==1039332==    by 0x111323: bonus_init (main_bonus.c:71)
==1039332==    by 0x1113BC: main (main_bonus.c:82)
==1039332== 
==1039332== 896 (352 direct, 544 indirect) bytes in 4 blocks are definitely lost in loss record 10 of 11
==1039332==    at 0x484DA83: calloc (in /usr/libexec/valgrind/vgpreload_memcheck-amd64-linux.so)
==1039332==    by 0x11391B: mlx_int_new_xshm_image (in /nfs/homes/ccavalca/common/so_long/so_long_bonus)
==1039332==    by 0x113C42: mlx_new_image (in /nfs/homes/ccavalca/common/so_long/so_long_bonus)
==1039332==    by 0x1145D7: mlx_int_parse_xpm (in /nfs/homes/ccavalca/common/so_long/so_long_bonus)
==1039332==    by 0x114A11: mlx_xpm_file_to_image (in /nfs/homes/ccavalca/common/so_long/so_long_bonus)
==1039332==    by 0x111A24: load_player_textures_bonus (render_bonus.c:28)
==1039332==    by 0x111317: bonus_init (main_bonus.c:70)
==1039332==    by 0x1113BC: main (main_bonus.c:82)
==1039332== 
==1039332== 896 (352 direct, 544 indirect) bytes in 4 blocks are definitely lost in loss record 11 of 11
==1039332==    at 0x484DA83: calloc (in /usr/libexec/valgrind/vgpreload_memcheck-amd64-linux.so)
==1039332==    by 0x11391B: mlx_int_new_xshm_image (in /nfs/homes/ccavalca/common/so_long/so_long_bonus)
==1039332==    by 0x113C42: mlx_new_image (in /nfs/homes/ccavalca/common/so_long/so_long_bonus)
==1039332==    by 0x1145D7: mlx_int_parse_xpm (in /nfs/homes/ccavalca/common/so_long/so_long_bonus)
==1039332==    by 0x114A11: mlx_xpm_file_to_image (in /nfs/homes/ccavalca/common/so_long/so_long_bonus)
==1039332==    by 0x111B13: load_enemies_textures_bonus (render_bonus.c:53)
==1039332==    by 0x111323: bonus_init (main_bonus.c:71)
==1039332==    by 0x1113BC: main (main_bonus.c:82)
==1039332== 
==1039332== LEAK SUMMARY:
==1039332==    definitely lost: 792 bytes in 9 blocks
==1039332==    indirectly lost: 1,224 bytes in 9 blocks
==1039332==      possibly lost: 0 bytes in 0 blocks
==1039332==    still reachable: 1,856 bytes in 17 blocks
==1039332==         suppressed: 0 bytes in 0 blocks
==1039332== 
==1039332== For lists of detected and suppressed errors, rerun with: -s
==1039332== ERROR SUMMARY: 6931587 errors from 7 contexts (suppressed: 3460 from 1)
